Using pre-set license
Built from '2021.1/staging' branch; Version is '2021.1.6f1 (c0fade0cc7e9) revision 12647134'; Using compiler version '192528614'; Build Type 'Release'
OS: 'Windows 10 Home; OS build 19042.1165; Version 2009; 64bit' Language: 'en' Physical Memory: 7981 MB
BatchMode: 1, IsHumanControllingUs: 0, StartBugReporterOnCrash: 0, Is64bit: 1, IsPro: 0

 COMMAND LINE ARGUMENTS:
C:\Program Files\Unity\Hub\Editor\2021.1.6f1\Editor\Unity.exe
-adb2
-batchMode
-noUpm
-name
AssetImportWorker0
-projectPath
C:/Users/Owner/Documents/Unity Projects/Down to The Bone
-logFile
Logs/AssetImportWorker0.log
-srvPort
61279
Successfully changed project path to: C:/Users/Owner/Documents/Unity Projects/Down to The Bone
C:/Users/Owner/Documents/Unity Projects/Down to The Bone
Using Asset Import Pipeline V2.
Refreshing native plugins compatible for Editor in 68.38 ms, found 1 plugins.
Preloading 0 native plugins for Editor in 0.00 ms.
Initialize engine version: 2021.1.6f1 (c0fade0cc7e9)
[Subsystems] Discovering subsystems at path C:/Program Files/Unity/Hub/Editor/2021.1.6f1/Editor/Data/Resources/UnitySubsystems
[Subsystems] Discovering subsystems at path C:/Users/Owner/Documents/Unity Projects/Down to The Bone/Assets
GfxDevice: creating device client; threaded=0; jobified=0
Direct3D:
    Version:  Direct3D 11.0 [level 11.1]
    Renderer: Intel(R) UHD Graphics 620 (ID=0x3ea0)
    Vendor:   Intel
    VRAM:     3990 MB
    Driver:   27.20.100.8478
Initialize mono
Mono path[0] = 'C:/Program Files/Unity/Hub/Editor/2021.1.6f1/Editor/Data/Managed'
Mono path[1] = 'C:/Program Files/Unity/Hub/Editor/2021.1.6f1/Editor/Data/MonoBleedingEdge/lib/mono/unityjit'
Mono config path = 'C:/Program Files/Unity/Hub/Editor/2021.1.6f1/Editor/Data/MonoBleedingEdge/etc'
Using monoOptions --debugger-agent=transport=dt_socket,embedding=1,server=y,suspend=n,address=127.0.0.1:56512
Begin MonoManager ReloadAssembly
Registering precompiled unity dll's ...
Register platform support module: C:/Program Files/Unity/Hub/Editor/2021.1.6f1/Editor/Data/PlaybackEngines/WindowsStandaloneSupport/UnityEditor.WindowsStandalone.Extensions.dll
Registered in 0.001809 seconds.
Native extension for WindowsStandalone target not found
Refreshing native plugins compatible for Editor in 71.43 ms, found 1 plugins.
Preloading 0 native plugins for Editor in 0.00 ms.
Mono: successfully reloaded assembly
- Completed reload, in  1.270 seconds
Platform modules already initialized, skipping
Registering precompiled user dll's ...
Registered in 0.010405 seconds.
Begin MonoManager ReloadAssembly
Native extension for WindowsStandalone target not found
Refreshing native plugins compatible for Editor in 0.57 ms, found 1 plugins.
Preloading 0 native plugins for Editor in 0.00 ms.
Mono: successfully reloaded assembly
- Completed reload, in  0.900 seconds
Platform modules already initialized, skipping
========================================================================
Worker process is ready to serve import requests
Launched and connected shader compiler UnityShaderCompiler.exe after 0.15 seconds
Refreshing native plugins compatible for Editor in 0.71 ms, found 1 plugins.
Preloading 0 native plugins for Editor in 0.00 ms.
Unloading 2887 Unused Serialized files (Serialized files now loaded: 0)
System memory in use before: 117.8 MB.
System memory in use after: 118.0 MB.

Unloading 21 unused Assets to reduce memory usage. Loaded Objects now: 3354.
Total: 2.110000 ms (FindLiveObjects: 0.229300 ms CreateObjectMapping: 0.097900 ms MarkObjects: 1.684100 ms  DeleteObjects: 0.098000 ms)

========================================================================
Received Import Request.
  path: Assets/Scripts
  artifactKey: Guid(a802ab1611019d94f8fb8e87f6764fdf) Importer(815301076,1909f56bfc062723c751e8b465ee728b)
Start importing Assets/Scripts using Guid(a802ab1611019d94f8fb8e87f6764fdf) Importer(815301076,1909f56bfc062723c751e8b465ee728b)  -> (artifact id: '53193f4b1a59c0fa7b8191370fec26c0') in 0.004787 seconds 
========================================================================
Received Import Request.
  Time since last request: 19.106615 seconds.
  path: Assets/Scripts/HandPlacement.cs
  artifactKey: Guid(a2c2b4d9f1f77e143919c81e6da1c5c1) Importer(815301076,1909f56bfc062723c751e8b465ee728b)
Start importing Assets/Scripts/HandPlacement.cs using Guid(a2c2b4d9f1f77e143919c81e6da1c5c1) Importer(815301076,1909f56bfc062723c751e8b465ee728b)  -> (artifact id: '272960192da456c3dff6a8178dbfe93c') in 0.133197 seconds 
========================================================================
Received Prepare
Registering precompiled user dll's ...
Registered in 0.004724 seconds.
Begin MonoManager ReloadAssembly
Native extension for WindowsStandalone target not found
Refreshing native plugins compatible for Editor in 0.52 ms, found 1 plugins.
Preloading 0 native plugins for Editor in 0.00 ms.
Mono: successfully reloaded assembly
- Completed reload, in  0.890 seconds
Platform modules already initialized, skipping
Refreshing native plugins compatible for Editor in 0.63 ms, found 1 plugins.
Preloading 0 native plugins for Editor in 0.00 ms.
Unloading 2882 Unused Serialized files (Serialized files now loaded: 0)
System memory in use before: 117.7 MB.
System memory in use after: 117.9 MB.

Unloading 15 unused Assets to reduce memory usage. Loaded Objects now: 3359.
Total: 2.467800 ms (FindLiveObjects: 0.264900 ms CreateObjectMapping: 0.156000 ms MarkObjects: 1.947100 ms  DeleteObjects: 0.098700 ms)

========================================================================
Received Prepare
Registering precompiled user dll's ...
Registered in 0.007557 seconds.
Begin MonoManager ReloadAssembly
Native extension for WindowsStandalone target not found
Refreshing native plugins compatible for Editor in 0.58 ms, found 1 plugins.
Preloading 0 native plugins for Editor in 0.00 ms.
Mono: successfully reloaded assembly
- Completed reload, in  0.883 seconds
Platform modules already initialized, skipping
Refreshing native plugins compatible for Editor in 0.57 ms, found 1 plugins.
Preloading 0 native plugins for Editor in 0.00 ms.
Unloading 2882 Unused Serialized files (Serialized files now loaded: 0)
System memory in use before: 117.8 MB.
System memory in use after: 118.0 MB.

Unloading 15 unused Assets to reduce memory usage. Loaded Objects now: 3363.
Total: 3.805500 ms (FindLiveObjects: 0.277800 ms CreateObjectMapping: 0.181700 ms MarkObjects: 3.233000 ms  DeleteObjects: 0.111600 ms)

========================================================================
Received Import Request.
  Time since last request: 193.717030 seconds.
  path: Assets/Scripts/HandPlacement.cs
  artifactKey: Guid(a2c2b4d9f1f77e143919c81e6da1c5c1) Importer(815301076,1909f56bfc062723c751e8b465ee728b)
Start importing Assets/Scripts/HandPlacement.cs using Guid(a2c2b4d9f1f77e143919c81e6da1c5c1) Importer(815301076,1909f56bfc062723c751e8b465ee728b)  -> (artifact id: '068f9676b34317e74a0690706913b75a') in 0.010583 seconds 
========================================================================
Received Import Request.
  Time since last request: 38.391459 seconds.
  path: Assets/Scripts/WeaponHandGrip.cs
  artifactKey: Guid(f92e3f453f682804eb7ac01716a482b9) Importer(815301076,1909f56bfc062723c751e8b465ee728b)
Start importing Assets/Scripts/WeaponHandGrip.cs using Guid(f92e3f453f682804eb7ac01716a482b9) Importer(815301076,1909f56bfc062723c751e8b465ee728b)  -> (artifact id: '93cbd7c1da3674e24995df6047a245d0') in 0.002943 seconds 
========================================================================
Received Prepare
Registering precompiled user dll's ...
Registered in 0.006332 seconds.
Begin MonoManager ReloadAssembly
Native extension for WindowsStandalone target not found
Refreshing native plugins compatible for Editor in 0.83 ms, found 1 plugins.
Preloading 0 native plugins for Editor in 0.00 ms.
Mono: successfully reloaded assembly
- Completed reload, in  0.964 seconds
Platform modules already initialized, skipping
Refreshing native plugins compatible for Editor in 0.69 ms, found 1 plugins.
Preloading 0 native plugins for Editor in 0.00 ms.
Unloading 2883 Unused Serialized files (Serialized files now loaded: 0)
System memory in use before: 117.8 MB.
System memory in use after: 118.0 MB.

Unloading 15 unused Assets to reduce memory usage. Loaded Objects now: 3368.
Total: 2.519500 ms (FindLiveObjects: 0.228900 ms CreateObjectMapping: 0.098900 ms MarkObjects: 2.103500 ms  DeleteObjects: 0.087300 ms)

========================================================================
Received Prepare
Registering precompiled user dll's ...
Registered in 0.004848 seconds.
Begin MonoManager ReloadAssembly
Native extension for WindowsStandalone target not found
Refreshing native plugins compatible for Editor in 0.83 ms, found 1 plugins.
Preloading 0 native plugins for Editor in 0.00 ms.
Mono: successfully reloaded assembly
- Completed reload, in  0.931 seconds
Platform modules already initialized, skipping
Refreshing native plugins compatible for Editor in 0.88 ms, found 1 plugins.
Preloading 0 native plugins for Editor in 0.00 ms.
Unloading 2883 Unused Serialized files (Serialized files now loaded: 0)
System memory in use before: 117.8 MB.
System memory in use after: 118.0 MB.

Unloading 15 unused Assets to reduce memory usage. Loaded Objects now: 3372.
Total: 3.681500 ms (FindLiveObjects: 0.323300 ms CreateObjectMapping: 0.239000 ms MarkObjects: 3.041200 ms  DeleteObjects: 0.076500 ms)

========================================================================
Received Import Request.
  Time since last request: 36.708108 seconds.
  path: Assets/Scripts/WeaponHandGrip.cs
  artifactKey: Guid(f92e3f453f682804eb7ac01716a482b9) Importer(815301076,1909f56bfc062723c751e8b465ee728b)
Start importing Assets/Scripts/WeaponHandGrip.cs using Guid(f92e3f453f682804eb7ac01716a482b9) Importer(815301076,1909f56bfc062723c751e8b465ee728b)  -> (artifact id: '78225e1f5ea411101017a95676306eb4') in 0.006768 seconds 
========================================================================
Received Prepare
Registering precompiled user dll's ...
Registered in 0.009750 seconds.
Begin MonoManager ReloadAssembly
Native extension for WindowsStandalone target not found
Refreshing native plugins compatible for Editor in 0.50 ms, found 1 plugins.
Preloading 0 native plugins for Editor in 0.00 ms.
Mono: successfully reloaded assembly
- Completed reload, in  0.795 seconds
Platform modules already initialized, skipping
Refreshing native plugins compatible for Editor in 0.49 ms, found 1 plugins.
Preloading 0 native plugins for Editor in 0.00 ms.
Unloading 2883 Unused Serialized files (Serialized files now loaded: 0)
System memory in use before: 117.8 MB.
System memory in use after: 118.0 MB.

Unloading 15 unused Assets to reduce memory usage. Loaded Objects now: 3376.
Total: 2.080400 ms (FindLiveObjects: 0.233400 ms CreateObjectMapping: 0.096400 ms MarkObjects: 1.670000 ms  DeleteObjects: 0.079800 ms)

========================================================================
Received Import Request.
  Time since last request: 132.965980 seconds.
  path: Assets/Scripts/HandPlacement.cs
  artifactKey: Guid(a2c2b4d9f1f77e143919c81e6da1c5c1) Importer(815301076,1909f56bfc062723c751e8b465ee728b)
Start importing Assets/Scripts/HandPlacement.cs using Guid(a2c2b4d9f1f77e143919c81e6da1c5c1) Importer(815301076,1909f56bfc062723c751e8b465ee728b)  -> (artifact id: '48f75eceb762749cbfd5c39f965b7770') in 0.006208 seconds 
========================================================================
Received Prepare
Registering precompiled user dll's ...
Registered in 0.005065 seconds.
Begin MonoManager ReloadAssembly
Native extension for WindowsStandalone target not found
Refreshing native plugins compatible for Editor in 0.60 ms, found 1 plugins.
Preloading 0 native plugins for Editor in 0.00 ms.
Mono: successfully reloaded assembly
- Completed reload, in  0.857 seconds
Platform modules already initialized, skipping
Refreshing native plugins compatible for Editor in 1.08 ms, found 1 plugins.
Preloading 0 native plugins for Editor in 0.00 ms.
Unloading 2883 Unused Serialized files (Serialized files now loaded: 0)
System memory in use before: 117.9 MB.
System memory in use after: 118.1 MB.

Unloading 15 unused Assets to reduce memory usage. Loaded Objects now: 3380.
Total: 3.468600 ms (FindLiveObjects: 0.432700 ms CreateObjectMapping: 0.238200 ms MarkObjects: 2.718000 ms  DeleteObjects: 0.078100 ms)

========================================================================
Received Import Request.
  Time since last request: 91.162956 seconds.
  path: Assets/Scripts/HandPlacement.cs
  artifactKey: Guid(a2c2b4d9f1f77e143919c81e6da1c5c1) Importer(815301076,1909f56bfc062723c751e8b465ee728b)
Start importing Assets/Scripts/HandPlacement.cs using Guid(a2c2b4d9f1f77e143919c81e6da1c5c1) Importer(815301076,1909f56bfc062723c751e8b465ee728b)  -> (artifact id: 'c379f29d358e1e69414b57f73de66a09') in 0.006335 seconds 
AssetImportWorkerClient::OnTransportError - code=2 error=End of file
